{
  "0 debug pnpm:scope": {
    "selected": 1
  },
  "1 error pnpm": {
    "errno": 1,
    "code": "ELIFECYCLE",
    "pkgid": "faster-panopto@0.0.2",
    "stage": "watch",
    "script": "parcel watch source/manifest.json --dist-dir distribution --no-cache --no-hmr",
    "pkgname": "faster-panopto",
    "err": {
      "name": "pnpm",
      "message": "faster-panopto@0.0.2 watch: `parcel watch source/manifest.json --dist-dir distribution --no-cache --no-hmr`\nExit status 1",
      "code": "ELIFECYCLE",
      "stack": "pnpm: faster-panopto@0.0.2 watch: `parcel watch source/manifest.json --dist-dir distribution --no-cache --no-hmr`\nExit status 1\n    at EventEmitter.<anonymous> (C:\\Users\\joshh\\AppData\\Roaming\\npm\\node_modules\\pnpm\\dist\\pnpm.cjs:105183:20)\n    at EventEmitter.emit (node:events:394:28)\n    at ChildProcess.<anonymous> (C:\\Users\\joshh\\AppData\\Roaming\\npm\\node_modules\\pnpm\\dist\\pnpm.cjs:93172:18)\n    at ChildProcess.emit (node:events:394:28)\n    at maybeClose (node:internal/child_process:1064:16)\n    at Process.ChildProcess._handle.onexit (node:internal/child_process:301:5)"
    }
  },
  "2 warn pnpm:global": " Local package.json exists, but node_modules missing, did you mean to install?"
}